Start testing: Feb 27 08:25 UTC
----------------------------------------------------------
1/1 Testing: c2c_test
1/1 Test: c2c_test
Command: "/home/shatwik/Project/clfft/build/test_c2c"
Directory: /home/shatwik/Project/clfft/build
"c2c_test" start time: Feb 27 08:25 UTC
Output:
----------------------------------------------------------
All clapfft tests passed.
<end of output>
Test time =   0.31 sec
----------------------------------------------------------
Test Passed.
"c2c_test" end time: Feb 27 08:25 UTC
"c2c_test" time elapsed: 00:00:00
----------------------------------------------------------

End testing: Feb 27 08:25 UTC
